<?xml version="1.0" encoding="UTF-8" ?>
<testsuite tests="2" failures="1" name="TestSuite" time="700.914" errors="0" skipped="0">
  <properties>
[...]
</properties>
  <testcase classname="webtests.SampleSauceTest" name="webDriver" time="472.434"/>
  <testcase classname="webtests.bbPress.bbPressSettingsTest" name="bbPressSettings" time="228.48">
    <failure message="no such element
  (Session info: chrome=35.0.1916.114)
  (Driver info: chromedriver=2.10.267521,platform=Windows NT 6.3 x86_64) (WARNING: The server did not provide any stacktrace information)
Command duration or timeout: 40.77 seconds
For documentation on this error, please visit: http://seleniumhq.org/exceptions/no_such_element.html
Build info: version: &apos;2.43.0&apos;, revision: &apos;accb3003b9fb8f7cae30f9669b4c594a065396a6&apos;, time: &apos;2014-09-09 22:22:51&apos;
System info: host: &apos;rtCamp&apos;, ip: &apos;127.0.1.1&apos;, os.name: &apos;Linux&apos;, os.arch: &apos;amd64&apos;, os.version: &apos;3.13.0-24-generic&apos;, java.version: &apos;1.8.0_25&apos;
Driver info: org.openqa.selenium.remote.RemoteWebDriver
Capabilities [{applicationCacheEnabled=false, rotatable=false, chrome={userDataDir=C:\Users\ADMINI~1\AppData\Local\Temp\scoped_dir1788_23230}, takesHeapSnapshot=true, hasMetadata=true, databaseEnabled=false, handlesAlerts=true, version=35.0.1916.114, platform=XP, browserConnectionEnabled=false, nativeEvents=true, acceptSslCerts=true, webdriver.remote.sessionid=8f348083e33842578c4fe7fbce068c9d, locationContextEnabled=true, webStorageEnabled=true, browserName=chrome, takesScreenshot=true, javascriptEnabled=true, cssSelectorsEnabled=true}]
Session ID: 8f348083e33842578c4fe7fbce068c9d" type="org.openqa.selenium.NoSuchElementException">org.openqa.selenium.NoSuchElementException: no such element
  (Session info: chrome=35.0.1916.114)
  (Driver info: chromedriver=2.10.267521,platform=Windows NT 6.3 x86_64) (WARNING: The server did not provide any stacktrace information)
Command duration or timeout: 40.77 seconds
For documentation on this error, please visit: http://seleniumhq.org/exceptions/no_such_element.html
Build info: version: &apos;2.43.0&apos;, revision: &apos;accb3003b9fb8f7cae30f9669b4c594a065396a6&apos;, time: &apos;2014-09-09 22:22:51&apos;
System info: host: &apos;rtCamp&apos;, ip: &apos;127.0.1.1&apos;, os.name: &apos;Linux&apos;, os.arch: &apos;amd64&apos;, os.version: &apos;3.13.0-24-generic&apos;, java.version: &apos;1.8.0_25&apos;
Driver info: org.openqa.selenium.remote.RemoteWebDriver
Capabilities [{applicationCacheEnabled=false, rotatable=false, chrome={userDataDir=C:\Users\ADMINI~1\AppData\Local\Temp\scoped_dir1788_23230}, takesHeapSnapshot=true, hasMetadata=true, databaseEnabled=false, handlesAlerts=true, version=35.0.1916.114, platform=XP, browserConnectionEnabled=false, nativeEvents=true, acceptSslCerts=true, webdriver.remote.sessionid=8f348083e33842578c4fe7fbce068c9d, locationContextEnabled=true, webStorageEnabled=true, browserName=chrome, takesScreenshot=true, javascriptEnabled=true, cssSelectorsEnabled=true}]
Session ID: 8f348083e33842578c4fe7fbce068c9d
	at sun.reflect.NativeConstructorAccessorImpl.newInstance0(Native Method)
	at sun.reflect.NativeConstructorAccessorImpl.newInstance(NativeConstructorAccessorImpl.java:62)
	at sun.reflect.DelegatingConstructorAccessorImpl.newInstance(DelegatingConstructorAccessorImpl.java:45)
	at java.lang.reflect.Constructor.newInstance(Constructor.java:408)
	at org.openqa.selenium.remote.ErrorHandler.createThrowable(ErrorHandler.java:204)
	at org.openqa.selenium.remote.ErrorHandler.throwIfResponseFailed(ErrorHandler.java:156)
	at org.openqa.selenium.remote.RemoteWebDriver.execute(RemoteWebDriver.java:599)
	at org.openqa.selenium.remote.RemoteWebDriver.findElement(RemoteWebDriver.java:352)
	at org.openqa.selenium.remote.RemoteWebDriver.findElementById(RemoteWebDriver.java:393)
	at org.openqa.selenium.By$ById.findElement(By.java:214)
	at org.openqa.selenium.remote.RemoteWebDriver.findElement(RemoteWebDriver.java:344)
	at webtests.bbPress.bbPressSettingsTest.bbPressSettings(bbPressSettingsTest.java:410)
</failure>
    <system-out>WebDriverRemoteWebDriver: chrome on XP (8f348083e33842578c4fe7fbce068c9d)
User_login
User_pass
wp-submit
Mouse over on site
dashboard
rtMedia
rtMedia-bbPress
Enable Attachment Switch is Already On
with thumbnails + filename
rtmedia-settings-submit
wp-admin-bar-site-name 
Visit Site
Forums
TEST Forum clicked
Discussion 1 clicked 
Reply Content
File:1
Clicked on Submit
0 :Size
webwidget_rating_simple 
Like Button 
Job link: https://saucelabs.com/jobs/8f348083e33842578c4fe7fbce068c9d?auth=b84ff595cbc6d88e695d23be372419bc
Job link: https://saucelabs.com/jobs/8f348083e33842578c4fe7fbce068c9d?auth=b84ff595cbc6d88e695d23be372419bc
</system-out>
  </testcase>
</testsuite>